<?xml version="1.0" encoding="UTF-8"?>
<!-- Generated by org.testng.reporters.JUnitXMLReporter -->
<testsuite ignored="0" hostname="MUM-LAP-409" failures="1" tests="1" name="Default test" time="30.957" errors="0" timestamp="18 Oct 2019 16:17:28 GMT">
  <testcase classname="io.cucumber.testng.AbstractTestNGCucumberTests" name="runScenario" time="30.409">
    <failure type="java.lang.NullPointerException">
      <![CDATA[java.lang.NullPointerException
at org.openqa.selenium.support.pagefactory.DefaultElementLocator.findElement(DefaultElementLocator.java:69)
at org.openqa.selenium.support.pagefactory.internal.LocatingElementHandler.invoke(LocatingElementHandler.java:38)
at com.sun.proxy.$Proxy19.isDisplayed(Unknown Source)
at com.sharepoint.qa.pages.CreateNewBidPage.isCRMIDTextBoxDisplayed(CreateNewBidPage.java:86)
at com.sharepoint.qa.steps.CreateNewBidPageFieldsDisplayedAndEnabled_Step.validate_the_required_input_Fields_are_visible_and_enabled(CreateNewBidPageFieldsDisplayedAndEnabled_Step.java:44)
at ✽.Validate the required input Fields are visible and enabled in Create New Bid dialog(file:src/test/resources/com/sharepoint/qa/features/CreateNewBidFieldVerification.feature:10)
]]>
    </failure>
  </testcase> <!-- runScenario -->
</testsuite> <!-- Default test -->
