<?xml version="1.0" encoding="UTF-8"?>
<testng-results ignored="0" total="1" passed="1" failed="0" skipped="0">
  <reporter-output>
  </reporter-output>
  <suite started-at="2019-10-22T16:00:29Z" name="Suite" finished-at="2019-10-22T16:01:27Z" duration-ms="57822">
    <groups>
      <group name="cucumber">
        <method signature="AbstractTestNGCucumberTests.runScenario(io.cucumber.testng.PickleEventWrapper, io.cucumber.testng.CucumberFeatureWrapper)[pri:0, instance:com.sharepoint.qa.runner.MyTestNgRunnerTest@152aa092]" name="runScenario" class="io.cucumber.testng.AbstractTestNGCucumberTests"/>
      </group> <!-- cucumber -->
    </groups>
    <test started-at="2019-10-22T16:00:29Z" name="Test1" finished-at="2019-10-22T16:01:27Z" duration-ms="57822">
      <class name="com.sharepoint.qa.runner.MyTestNgRunnerTest">
        <test-method is-config="true" signature="setUpClass()[pri:0, instance:com.sharepoint.qa.runner.MyTestNgRunnerTest@152aa092]" started-at="2019-10-22T16:00:29Z" name="setUpClass" finished-at="2019-10-22T16:00:29Z" duration-ms="262" status="PASS">
          <reporter-output>
          </reporter-output>
        </test-method> <!-- setUpClass -->
        <test-method signature="runScenario(io.cucumber.testng.PickleEventWrapper, io.cucumber.testng.CucumberFeatureWrapper)[pri:0, instance:com.sharepoint.qa.runner.MyTestNgRunnerTest@152aa092]" started-at="2019-10-22T16:00:29Z" name="runScenario" description="Runs Cucumber Scenarios" data-provider="scenarios" finished-at="2019-10-22T16:01:26Z" duration-ms="57280" status="PASS">
          <params>
            <param index="0">
              <value>
                <![CDATA["Create New bids"]]>
              </value>
            </param>
            <param index="1">
              <value>
                <![CDATA["Verify user is able to create a new bid"]]>
              </value>
            </param>
          </params>
          <reporter-output>
          </reporter-output>
        </test-method> <!-- runScenario -->
        <test-method is-config="true" signature="tearDownClass()[pri:0, instance:com.sharepoint.qa.runner.MyTestNgRunnerTest@152aa092]" started-at="2019-10-22T16:01:26Z" name="tearDownClass" finished-at="2019-10-22T16:01:27Z" duration-ms="152" status="PASS">
          <reporter-output>
          </reporter-output>
        </test-method> <!-- tearDownClass -->
      </class> <!-- com.sharepoint.qa.runner.MyTestNgRunnerTest -->
    </test> <!-- Test1 -->
  </suite> <!-- Suite -->
</testng-results>
